<?xml version="1.0" encoding="UTF-8"?>
<!-- Generated by org.testng.reporters.JUnitReportReporter -->
<testsuite hostname="G09INXNP31036X1" failures="0" tests="1" name="com.saucedemo.tests.CartPageTest" time="3.791" errors="0" timestamp="2024-11-28T20:02:48 IST" skipped="0">
  <testcase classname="com.saucedemo.tests.CartPageTest" name="testAddToCart" time="3.791"/>
  <system-out/>
</testsuite> <!-- com.saucedemo.tests.CartPageTest -->
