<?xml version="1.0" encoding="UTF-8"?>
<!-- Generated by org.testng.reporters.JUnitReportReporter -->
<testsuite hostname="G09INXNP31036X1" failures="0" tests="1" name="com.saucedemo.tests.LoginTest" time="4.259" errors="0" timestamp="2024-11-28T19:46:08 IST" skipped="0">
  <testcase classname="com.saucedemo.tests.LoginTest" name="testLogin" time="4.259"/>
  <system-out/>
</testsuite> <!-- com.saucedemo.tests.LoginTest -->
